2020-09-27 15:14:50,382 - INFO - Connecting to database...
2020-09-27 15:14:50,408 - INFO - The connection to the database was succesfull
2020-09-27 15:14:50,412 - INFO - the task was registered with the id 5
2020-09-27 15:15:04,496 - INFO - Connecting to database...
2020-09-27 15:15:04,516 - INFO - The connection to the database was succesfull
2020-09-27 15:15:04,520 - INFO - the task was registered with the id 6
2020-09-27 15:15:45,496 - INFO - Connecting to database...
2020-09-27 15:15:45,514 - INFO - The connection to the database was succesfull
2020-09-27 15:15:45,517 - INFO - the task was registered with the id 7
2020-09-27 15:45:57,957 - INFO - Connecting to database...
2020-09-27 15:45:57,981 - INFO - The connection to the database was succesfull
2020-09-27 15:45:57,990 - INFO - the task was registered with the id 8
2020-09-27 20:50:47,439 - INFO - Connecting to database...
2020-09-27 20:50:47,495 - INFO - The connection to the database was succesfull
2020-09-27 20:50:47,502 - INFO - the task was registered with the id 9
2020-09-29 00:29:56,988 - INFO - Connecting to database...
2020-09-29 00:29:57,013 - INFO - The connection to the database was succesfull
2020-09-29 00:29:57,018 - INFO - the task was registered with the id 31
2020-09-29 00:34:17,032 - INFO - Connecting to database...
2020-09-29 00:34:17,062 - INFO - The connection to the database was succesfull
2020-09-29 00:34:17,067 - INFO - the task was registered with the id 32
2020-09-29 00:34:34,269 - INFO - Connecting to database...
2020-09-29 00:34:34,289 - INFO - The connection to the database was succesfull
2020-09-29 00:34:34,292 - INFO - the task was registered with the id 33
2020-09-29 11:04:00,359 - INFO - Connecting to database...
2020-09-29 11:04:00,393 - INFO - The connection to the database was succesfull
2020-09-29 11:04:00,401 - INFO - the task was registered with the id 34
2020-09-29 11:04:14,962 - INFO - Connecting to database...
2020-09-29 11:04:14,991 - INFO - The connection to the database was succesfull
2020-09-29 11:04:14,994 - INFO - the task was registered with the id 35
2020-09-30 11:13:30,228 - INFO - Connecting to database...
2020-09-30 11:13:30,277 - INFO - The connection to the database was succesfull
2020-09-30 11:13:30,295 - INFO - the task was registered with the id 36
2020-09-30 11:41:55,678 - INFO - Connecting to database...
2020-09-30 11:41:55,717 - INFO - The connection to the database was succesfull
2020-09-30 11:41:55,720 - INFO - the task was registered with the id 38
2020-09-30 13:08:11,789 - INFO - Connecting to database...
2020-09-30 13:08:11,861 - INFO - The connection to the database was succesfull
2020-09-30 13:08:11,878 - INFO - the task was registered with the id 24
2020-09-30 13:08:30,626 - INFO - Connecting to database...
2020-09-30 13:08:30,673 - INFO - The connection to the database was succesfull
2020-09-30 13:08:30,675 - INFO - the task was registered with the id 25
2020-09-30 13:11:38,795 - INFO - Connecting to database...
2020-09-30 13:11:38,841 - INFO - The connection to the database was succesfull
2020-09-30 13:11:38,843 - INFO - the task was registered with the id 26
2020-09-30 13:13:50,314 - INFO - Connecting to database...
2020-09-30 13:13:50,364 - INFO - The connection to the database was succesfull
2020-09-30 13:13:50,454 - INFO - the task was registered with the id 27
2020-09-30 13:13:58,663 - INFO - Connecting to database...
2020-09-30 13:13:58,705 - INFO - The connection to the database was succesfull
2020-09-30 13:13:58,709 - INFO - the task was registered with the id 28
2020-09-30 13:14:10,288 - INFO - Connecting to database...
2020-09-30 13:14:10,325 - INFO - The connection to the database was succesfull
2020-09-30 13:14:10,328 - INFO - the task was registered with the id 29
2020-09-30 13:16:05,579 - INFO - Connecting to database...
2020-09-30 13:16:05,611 - INFO - The connection to the database was succesfull
2020-09-30 13:16:05,614 - INFO - the task was registered with the id 30
2020-09-30 13:16:12,360 - INFO - Connecting to database...
2020-09-30 13:16:12,390 - INFO - The connection to the database was succesfull
2020-09-30 13:16:12,393 - INFO - the task was registered with the id 31
2020-09-30 13:16:14,065 - INFO - Connecting to database...
2020-09-30 13:16:14,093 - INFO - The connection to the database was succesfull
2020-09-30 13:16:14,097 - INFO - the task was registered with the id 32
2020-09-30 13:16:33,253 - INFO - Connecting to database...
2020-09-30 13:16:33,284 - INFO - The connection to the database was succesfull
2020-09-30 13:16:33,287 - INFO - the task was registered with the id 33
2020-09-30 13:16:44,506 - INFO - Connecting to database...
2020-09-30 13:16:44,535 - INFO - The connection to the database was succesfull
2020-09-30 13:16:44,536 - INFO - the task was registered with the id 34
2020-09-30 13:21:09,809 - INFO - Connecting to database...
2020-09-30 13:21:09,859 - INFO - The connection to the database was succesfull
2020-09-30 13:21:09,860 - INFO - the task was registered with the id 35
2020-09-30 13:21:17,041 - INFO - Connecting to database...
2020-09-30 13:21:17,095 - INFO - The connection to the database was succesfull
2020-09-30 13:21:17,097 - INFO - the task was registered with the id 36
2020-09-30 13:21:23,171 - INFO - Connecting to database...
2020-09-30 13:21:23,215 - INFO - The connection to the database was succesfull
2020-09-30 13:21:23,218 - INFO - the task was registered with the id 37
2020-09-30 13:21:24,958 - INFO - Connecting to database...
2020-09-30 13:21:24,997 - INFO - The connection to the database was succesfull
2020-09-30 13:21:25,000 - INFO - the task was registered with the id 38
2020-10-02 09:37:23,375 - INFO - Connecting to database...
2020-10-02 09:37:23,539 - INFO - The connection to the database was succesfull
2020-10-02 09:37:23,562 - INFO - the task was registered with the id 39
2020-10-02 09:38:44,411 - INFO - Connecting to database...
2020-10-02 09:38:44,466 - INFO - The connection to the database was succesfull
2020-10-02 09:38:44,469 - INFO - the task was registered with the id 40
2020-10-02 09:40:25,963 - INFO - Connecting to database...
2020-10-02 09:40:25,993 - INFO - The connection to the database was succesfull
2020-10-02 09:40:25,995 - INFO - the task was registered with the id 41
2020-10-02 09:45:03,209 - INFO - Connecting to database...
2020-10-02 09:45:03,255 - INFO - The connection to the database was succesfull
2020-10-02 09:45:03,258 - INFO - the task was registered with the id 42
2020-10-02 09:45:32,891 - INFO - Connecting to database...
2020-10-02 09:45:32,923 - INFO - The connection to the database was succesfull
2020-10-02 09:45:32,927 - INFO - the task was registered with the id 43
2020-10-02 09:49:27,070 - INFO - Connecting to database...
2020-10-02 09:49:27,120 - INFO - The connection to the database was succesfull
2020-10-02 09:49:27,124 - INFO - the task was registered with the id 44
2020-10-02 09:57:10,191 - INFO - Connecting to database...
2020-10-02 09:57:10,228 - INFO - The connection to the database was succesfull
2020-10-02 09:57:10,231 - INFO - the task was registered with the id 45
2020-10-02 09:58:32,687 - INFO - Connecting to database...
2020-10-02 09:58:32,717 - INFO - The connection to the database was succesfull
2020-10-02 09:58:32,720 - INFO - the task was registered with the id 46
2020-10-02 10:07:25,285 - INFO - Connecting to database...
2020-10-02 10:07:25,336 - INFO - The connection to the database was succesfull
2020-10-02 10:07:25,339 - INFO - the task was registered with the id 47
2020-10-02 10:10:23,874 - INFO - Connecting to database...
2020-10-02 10:10:23,909 - INFO - The connection to the database was succesfull
2020-10-02 10:10:23,911 - INFO - the task was registered with the id 48
2020-10-02 10:11:41,468 - INFO - Connecting to database...
2020-10-02 10:11:41,501 - INFO - The connection to the database was succesfull
2020-10-02 10:11:41,505 - INFO - the task was registered with the id 49
2020-10-02 10:17:00,848 - INFO - Connecting to database...
2020-10-02 10:17:00,891 - INFO - The connection to the database was succesfull
2020-10-02 10:17:00,894 - INFO - the task was registered with the id 50
2020-10-02 10:20:07,193 - INFO - Connecting to database...
2020-10-02 10:20:07,237 - INFO - The connection to the database was succesfull
2020-10-02 10:20:07,240 - INFO - the task was registered with the id 51
2020-10-02 11:36:52,566 - INFO - Connecting to database...
2020-10-02 11:36:52,610 - INFO - The connection to the database was succesfull
2020-10-02 11:36:52,612 - INFO - the task was registered with the id 55
2020-10-02 11:40:26,819 - INFO - Connecting to database...
2020-10-02 11:40:26,853 - INFO - The connection to the database was succesfull
2020-10-02 11:40:26,856 - INFO - the task was registered with the id 56
2020-10-02 11:42:42,845 - INFO - Connecting to database...
2020-10-02 11:42:42,892 - INFO - The connection to the database was succesfull
2020-10-02 11:42:42,902 - INFO - the task was registered with the id 57
2020-10-02 11:45:23,029 - INFO - Connecting to database...
2020-10-02 11:45:23,073 - INFO - The connection to the database was succesfull
2020-10-02 11:45:23,077 - INFO - the task was registered with the id 58
2020-10-02 12:10:44,219 - INFO - Connecting to database...
2020-10-02 12:10:44,254 - INFO - The connection to the database was succesfull
2020-10-02 12:10:44,256 - INFO - the task was registered with the id 59
2020-10-02 12:17:38,347 - INFO - Connecting to database...
2020-10-02 12:17:38,390 - INFO - The connection to the database was succesfull
2020-10-02 12:17:38,393 - INFO - the task was registered with the id 60
2020-10-02 12:19:56,781 - INFO - Connecting to database...
2020-10-02 12:19:56,829 - INFO - The connection to the database was succesfull
2020-10-02 12:19:56,832 - INFO - the task was registered with the id 61
2020-10-02 12:20:44,885 - INFO - Connecting to database...
2020-10-02 12:20:44,918 - INFO - The connection to the database was succesfull
2020-10-02 12:20:44,921 - INFO - the task was registered with the id 62
2020-10-02 12:35:40,206 - INFO - Connecting to database...
2020-10-02 12:35:40,249 - INFO - The connection to the database was succesfull
2020-10-02 12:35:40,252 - INFO - the task was registered with the id 63
2020-10-02 12:36:44,214 - INFO - Connecting to database...
2020-10-02 12:36:44,255 - INFO - The connection to the database was succesfull
2020-10-02 12:36:44,258 - INFO - the task was registered with the id 64
2020-10-02 12:38:34,454 - INFO - Connecting to database...
2020-10-02 12:38:34,503 - INFO - The connection to the database was succesfull
2020-10-02 12:38:34,505 - INFO - the task was registered with the id 65
2020-10-02 12:44:33,953 - INFO - Connecting to database...
2020-10-02 12:44:33,986 - INFO - The connection to the database was succesfull
2020-10-02 12:44:33,990 - INFO - the task was registered with the id 66
2020-10-02 12:47:00,127 - INFO - Connecting to database...
2020-10-02 12:47:00,167 - INFO - The connection to the database was succesfull
2020-10-02 12:47:00,170 - INFO - the task was registered with the id 67
2020-10-02 12:48:15,028 - INFO - Connecting to database...
2020-10-02 12:48:15,061 - INFO - The connection to the database was succesfull
2020-10-02 12:48:15,064 - INFO - the task was registered with the id 68
2020-10-02 12:50:59,467 - INFO - Connecting to database...
2020-10-02 12:50:59,515 - INFO - The connection to the database was succesfull
2020-10-02 12:50:59,518 - INFO - the task was registered with the id 69
2020-10-02 12:54:35,908 - INFO - Connecting to database...
2020-10-02 12:54:35,958 - INFO - The connection to the database was succesfull
2020-10-02 12:54:35,961 - INFO - the task was registered with the id 70
2020-10-02 13:03:07,826 - INFO - Connecting to database...
2020-10-02 13:03:07,876 - INFO - The connection to the database was succesfull
2020-10-02 13:03:07,878 - INFO - the task was registered with the id 71
2020-10-02 13:06:52,501 - INFO - Connecting to database...
2020-10-02 13:06:52,545 - INFO - The connection to the database was succesfull
2020-10-02 13:07:02,750 - INFO - Connecting to database...
2020-10-02 13:07:02,778 - INFO - The connection to the database was succesfull
2020-10-02 13:07:02,782 - INFO - the task was registered with the id 72
2020-10-02 13:09:50,878 - INFO - Connecting to database...
2020-10-02 13:09:50,929 - INFO - The connection to the database was succesfull
2020-10-02 13:16:20,914 - INFO - Connecting to database...
2020-10-02 13:16:20,967 - INFO - The connection to the database was succesfull
2020-10-02 13:16:20,970 - INFO - the task was registered with the id 73
2020-10-02 14:44:28,001 - INFO - Connecting to database...
2020-10-02 14:44:28,035 - INFO - The connection to the database was succesfull
2020-10-02 14:44:28,038 - INFO - the task was registered with the id 74
2020-10-02 14:52:40,128 - INFO - Connecting to database...
2020-10-02 14:52:40,160 - INFO - The connection to the database was succesfull
2020-10-02 14:52:40,164 - INFO - the task was registered with the id 75
2020-10-02 15:12:50,100 - INFO - Connecting to database...
2020-10-02 15:12:50,157 - INFO - The connection to the database was succesfull
2020-10-02 15:12:50,161 - INFO - the task was registered with the id 76
2020-10-02 15:16:43,617 - INFO - Connecting to database...
2020-10-02 15:16:43,653 - INFO - The connection to the database was succesfull
2020-10-02 15:16:43,657 - INFO - the task was registered with the id 77
2020-10-02 15:27:56,535 - INFO - Connecting to database...
2020-10-02 15:27:56,584 - INFO - The connection to the database was succesfull
2020-10-02 15:27:56,587 - INFO - the task was registered with the id 78
2020-10-02 15:30:36,548 - INFO - Connecting to database...
2020-10-02 15:30:36,581 - INFO - The connection to the database was succesfull
2020-10-02 15:30:36,584 - INFO - the task was registered with the id 79
2020-10-02 15:30:53,421 - INFO - Connecting to database...
2020-10-02 15:30:53,471 - INFO - The connection to the database was succesfull
2020-10-02 15:30:53,474 - INFO - the task was registered with the id 80
2020-10-02 15:43:03,371 - INFO - Connecting to database...
2020-10-02 15:43:03,402 - INFO - The connection to the database was succesfull
2020-10-02 15:43:03,404 - INFO - the task was registered with the id 81
2020-10-02 15:45:30,232 - INFO - Connecting to database...
2020-10-02 15:45:30,268 - INFO - The connection to the database was succesfull
2020-10-02 15:45:30,271 - INFO - the task was registered with the id 82
2020-10-02 15:50:32,302 - INFO - Connecting to database...
2020-10-02 15:50:32,343 - INFO - The connection to the database was succesfull
2020-10-02 15:50:32,346 - INFO - the task was registered with the id 83
2020-10-02 15:54:23,049 - INFO - Connecting to database...
2020-10-02 15:54:23,095 - INFO - The connection to the database was succesfull
2020-10-02 15:54:23,098 - INFO - the task was registered with the id 84
2020-10-02 15:56:36,844 - INFO - Connecting to database...
2020-10-02 15:56:36,876 - INFO - The connection to the database was succesfull
2020-10-02 15:56:36,878 - INFO - the task was registered with the id 85
2020-10-02 16:03:29,456 - INFO - Connecting to database...
2020-10-02 16:03:29,506 - INFO - The connection to the database was succesfull
2020-10-02 16:03:29,508 - INFO - the task was registered with the id 86
2020-10-02 16:06:56,789 - INFO - Connecting to database...
2020-10-02 16:06:56,834 - INFO - The connection to the database was succesfull
2020-10-02 16:06:56,837 - INFO - the task was registered with the id 87
2020-10-02 16:10:26,241 - INFO - Connecting to database...
2020-10-02 16:10:26,280 - INFO - The connection to the database was succesfull
2020-10-02 16:10:26,284 - INFO - the task was registered with the id 88
2020-10-02 16:18:49,858 - INFO - Connecting to database...
2020-10-02 16:18:49,891 - INFO - The connection to the database was succesfull
2020-10-02 16:18:49,894 - INFO - the task was registered with the id 89
2020-10-02 16:25:00,879 - INFO - Connecting to database...
2020-10-02 16:25:00,934 - INFO - The connection to the database was succesfull
2020-10-02 16:25:00,939 - INFO - the task was registered with the id 90
2020-10-02 16:31:10,301 - INFO - Connecting to database...
2020-10-02 16:31:10,332 - INFO - The connection to the database was succesfull
2020-10-02 16:31:10,336 - INFO - the task was registered with the id 91
2020-10-02 16:34:07,207 - INFO - Connecting to database...
2020-10-02 16:34:07,253 - INFO - The connection to the database was succesfull
2020-10-02 16:34:07,257 - INFO - the task was registered with the id 92
2020-10-02 16:36:50,952 - INFO - Connecting to database...
2020-10-02 16:36:51,004 - INFO - The connection to the database was succesfull
2020-10-02 16:36:51,014 - INFO - the task was registered with the id 93
2020-10-02 16:37:22,374 - INFO - Connecting to database...
2020-10-02 16:37:22,404 - INFO - The connection to the database was succesfull
2020-10-02 16:37:22,407 - INFO - the task was registered with the id 94
2020-10-02 16:38:42,724 - INFO - Connecting to database...
2020-10-02 16:38:42,758 - INFO - The connection to the database was succesfull
2020-10-02 16:38:42,761 - INFO - the task was registered with the id 95
2020-10-03 19:07:12,093 - INFO - Connecting to database...
2020-10-03 19:07:12,171 - INFO - The connection to the database was succesfull
2020-10-03 19:07:12,184 - INFO - the task was registered with the id 96
2020-10-03 19:20:21,427 - INFO - Connecting to database...
2020-10-03 19:20:21,464 - INFO - The connection to the database was succesfull
2020-10-03 19:20:21,467 - INFO - the task was registered with the id 97
