2020-09-27 15:42:47,903 - INFO - Connecting to database...
2020-09-27 15:45:59,044 - INFO - Connecting to database...
2020-09-27 15:45:59,069 - INFO - The connection to the database was succesfull
2020-09-27 15:45:59,069 - INFO - Getting all current vocabularies from database
2020-09-27 15:45:59,071 - INFO - processing file ./received_files/vocabulary/vocabulary_1hAmILJWUsMULDDj2g65BbTMPL_IEUev6_20200927154557.csv
2020-09-27 15:45:59,075 - INFO - Inserting vocabulary ref ABMS in database.
2020-09-27 15:45:59,081 - INFO - Inserting vocabulary ref APC in database.
2020-09-27 15:45:59,084 - INFO - Inserting vocabulary ref ATC in database.
2020-09-27 15:45:59,088 - INFO - Inserting vocabulary ref CPT4 in database.
2020-09-27 15:45:59,091 - INFO - Inserting vocabulary ref CVX in database.
2020-09-27 15:45:59,093 - INFO - Inserting vocabulary ref MS-DRG in database.
2020-09-27 15:45:59,096 - INFO - Inserting vocabulary ref HCPCS in database.
2020-09-27 15:45:59,106 - INFO - Inserting vocabulary ref ICD10CM in database.
2020-09-27 15:45:59,115 - INFO - Inserting vocabulary ref ICD10PCS in database.
2020-09-27 15:45:59,118 - INFO - Inserting vocabulary ref ICD9CM in database.
2020-09-27 15:45:59,128 - INFO - Inserting vocabulary ref ICD9Proc in database.
2020-09-27 15:45:59,128 - INFO - Completed processing of file
2020-09-27 20:50:48,927 - INFO - Connecting to database...
2020-09-27 20:50:48,960 - INFO - The connection to the database was succesfull
2020-09-27 20:50:48,960 - INFO - Getting all current vocabularies from database
2020-09-27 20:50:48,966 - INFO - processing file ./received_files/vocabulary/vocabulary_1hAmILJWUsMULDDj2g65BbTMPL_IEUev6_20200927205047.csv
2020-09-27 20:50:48,967 - INFO - Vocabulary ref ABMS already exists in database.
2020-09-27 20:50:48,967 - INFO - Vocabulary ref APC already exists in database.
2020-09-27 20:50:48,968 - INFO - Vocabulary ref ATC already exists in database.
2020-09-27 20:50:48,968 - INFO - Vocabulary ref CPT4 already exists in database.
2020-09-27 20:50:48,968 - INFO - Vocabulary ref CVX already exists in database.
2020-09-27 20:50:48,968 - INFO - Vocabulary ref MS-DRG already exists in database.
2020-09-27 20:50:48,968 - INFO - Vocabulary ref HCPCS already exists in database.
2020-09-27 20:50:48,968 - INFO - Vocabulary ref ICD10CM already exists in database.
2020-09-27 20:50:48,968 - INFO - Vocabulary ref ICD10PCS already exists in database.
2020-09-27 20:50:48,969 - INFO - Vocabulary ref ICD9CM already exists in database.
2020-09-27 20:50:48,969 - INFO - Vocabulary ref ICD9Proc already exists in database.
2020-09-27 20:50:48,969 - INFO - Completed processing of file
2020-09-29 00:29:58,068 - INFO - Connecting to database...
2020-09-29 00:29:58,086 - INFO - The connection to the database was succesfull
2020-09-29 00:29:58,086 - INFO - Getting all current vocabularies from database
2020-09-29 00:29:58,087 - INFO - processing file ./received_files/vocabulary/vocabulary_1hAmILJWUsMULDDj2g65BbTMPL_IEUev6_20200929002956.csv
2020-09-29 00:29:58,088 - INFO - Vocabulary ref ABMS already exists in database.
2020-09-29 00:29:58,088 - INFO - Vocabulary ref APC already exists in database.
2020-09-29 00:29:58,088 - INFO - Vocabulary ref ATC already exists in database.
2020-09-29 00:29:58,088 - INFO - Vocabulary ref CPT4 already exists in database.
2020-09-29 00:29:58,088 - INFO - Vocabulary ref CVX already exists in database.
2020-09-29 00:29:58,088 - INFO - Vocabulary ref MS-DRG already exists in database.
2020-09-29 00:29:58,088 - INFO - Vocabulary ref HCPCS already exists in database.
2020-09-29 00:29:58,088 - INFO - Vocabulary ref ICD10CM already exists in database.
2020-09-29 00:29:58,089 - INFO - Vocabulary ref ICD10PCS already exists in database.
2020-09-29 00:29:58,089 - INFO - Vocabulary ref ICD9CM already exists in database.
2020-09-29 00:29:58,089 - INFO - Vocabulary ref ICD9Proc already exists in database.
2020-09-29 00:29:58,089 - INFO - Completed processing of file
2020-09-29 00:34:38,593 - INFO - Connecting to database...
2020-09-29 00:34:38,762 - INFO - The connection to the database was succesfull
2020-09-29 00:34:38,763 - INFO - Getting all current vocabularies from database
2020-09-29 00:34:38,764 - INFO - processing file ./received_files/vocabulary/vocabulary_1hAmILJWUsMULDDj2g65BbTMPL_IEUev6_20200929003429.csv
2020-09-29 00:34:38,765 - INFO - Vocabulary ref ABMS already exists in database.
2020-09-29 00:34:38,765 - INFO - Vocabulary ref APC already exists in database.
2020-09-29 00:34:38,765 - INFO - Vocabulary ref ATC already exists in database.
2020-09-29 00:34:38,765 - INFO - Vocabulary ref CPT4 already exists in database.
2020-09-29 00:34:38,765 - INFO - Vocabulary ref CVX already exists in database.
2020-09-29 00:34:38,765 - INFO - Vocabulary ref MS-DRG already exists in database.
2020-09-29 00:34:38,765 - INFO - Vocabulary ref HCPCS already exists in database.
2020-09-29 00:34:38,765 - INFO - Vocabulary ref ICD10CM already exists in database.
2020-09-29 00:34:38,766 - INFO - Vocabulary ref ICD10PCS already exists in database.
2020-09-29 00:34:38,766 - INFO - Vocabulary ref ICD9CM already exists in database.
2020-09-29 00:34:38,766 - INFO - Vocabulary ref ICD9Proc already exists in database.
2020-09-29 00:34:38,766 - INFO - Completed processing of file
2020-09-29 00:34:42,026 - INFO - Connecting to database...
2020-09-29 00:34:42,034 - INFO - The connection to the database was succesfull
2020-09-29 00:34:42,035 - INFO - Getting all current vocabularies from database
2020-09-29 00:34:42,036 - INFO - processing file ./received_files/vocabulary/vocabulary_1hAmILJWUsMULDDj2g65BbTMPL_IEUev6_20200929003438.csv
2020-09-29 00:34:42,036 - INFO - Vocabulary ref ABMS already exists in database.
2020-09-29 00:34:42,036 - INFO - Vocabulary ref APC already exists in database.
2020-09-29 00:34:42,037 - INFO - Vocabulary ref ATC already exists in database.
2020-09-29 00:34:42,037 - INFO - Vocabulary ref CPT4 already exists in database.
2020-09-29 00:34:42,037 - INFO - Vocabulary ref CVX already exists in database.
2020-09-29 00:34:42,037 - INFO - Vocabulary ref MS-DRG already exists in database.
2020-09-29 00:34:42,037 - INFO - Vocabulary ref HCPCS already exists in database.
2020-09-29 00:34:42,037 - INFO - Vocabulary ref ICD10CM already exists in database.
2020-09-29 00:34:42,037 - INFO - Vocabulary ref ICD10PCS already exists in database.
2020-09-29 00:34:42,037 - INFO - Vocabulary ref ICD9CM already exists in database.
2020-09-29 00:34:42,037 - INFO - Vocabulary ref ICD9Proc already exists in database.
2020-09-29 00:34:42,037 - INFO - Completed processing of file
2020-09-29 11:04:01,850 - INFO - Connecting to database...
2020-09-29 11:04:01,874 - INFO - The connection to the database was succesfull
2020-09-29 11:04:01,875 - INFO - Getting all current vocabularies from database
2020-09-29 11:04:01,876 - INFO - processing file ./received_files/vocabulary/vocabulary_1hAmILJWUsMULDDj2g65BbTMPL_IEUev6_20200929110400.csv
2020-09-29 11:04:01,877 - INFO - Vocabulary ref ABMS already exists in database.
2020-09-29 11:04:01,877 - INFO - Vocabulary ref APC already exists in database.
2020-09-29 11:04:01,877 - INFO - Vocabulary ref ATC already exists in database.
2020-09-29 11:04:01,877 - INFO - Vocabulary ref CPT4 already exists in database.
2020-09-29 11:04:01,877 - INFO - Vocabulary ref CVX already exists in database.
2020-09-29 11:04:01,878 - INFO - Vocabulary ref MS-DRG already exists in database.
2020-09-29 11:04:01,878 - INFO - Vocabulary ref HCPCS already exists in database.
2020-09-29 11:04:01,878 - INFO - Vocabulary ref ICD10CM already exists in database.
2020-09-29 11:04:01,878 - INFO - Vocabulary ref ICD10PCS already exists in database.
2020-09-29 11:04:01,878 - INFO - Vocabulary ref ICD9CM already exists in database.
2020-09-29 11:04:01,878 - INFO - Vocabulary ref ICD9Proc already exists in database.
2020-09-29 11:04:01,878 - INFO - Completed processing of file
2020-09-29 11:04:17,148 - INFO - Connecting to database...
2020-09-29 11:04:17,177 - INFO - The connection to the database was succesfull
2020-09-29 11:04:17,178 - INFO - Getting all current vocabularies from database
2020-09-29 11:04:17,179 - INFO - processing file ./received_files/vocabulary/vocabulary_1hAmILJWUsMULDDj2g65BbTMPL_IEUev6_20200929110414.csv
2020-09-29 11:04:17,180 - INFO - Vocabulary ref ABMS already exists in database.
2020-09-29 11:04:17,180 - INFO - Vocabulary ref APC already exists in database.
2020-09-29 11:04:17,180 - INFO - Vocabulary ref ATC already exists in database.
2020-09-29 11:04:17,180 - INFO - Vocabulary ref CPT4 already exists in database.
2020-09-29 11:04:17,180 - INFO - Vocabulary ref CVX already exists in database.
2020-09-29 11:04:17,180 - INFO - Vocabulary ref MS-DRG already exists in database.
2020-09-29 11:04:17,180 - INFO - Vocabulary ref HCPCS already exists in database.
2020-09-29 11:04:17,180 - INFO - Vocabulary ref ICD10CM already exists in database.
2020-09-29 11:04:17,180 - INFO - Vocabulary ref ICD10PCS already exists in database.
2020-09-29 11:04:17,180 - INFO - Vocabulary ref ICD9CM already exists in database.
2020-09-29 11:04:17,181 - INFO - Vocabulary ref ICD9Proc already exists in database.
2020-09-29 11:04:17,181 - INFO - Completed processing of file
2020-09-30 11:13:33,617 - INFO - Connecting to database...
2020-09-30 11:13:33,637 - INFO - The connection to the database was succesfull
2020-09-30 11:13:33,637 - INFO - Getting all current vocabularies from database
2020-09-30 11:13:33,639 - INFO - processing file ./received_files/vocabulary/vocabulary_1hAmILJWUsMULDDj2g65BbTMPL_IEUev6_20200930111330.csv
2020-09-30 11:13:33,653 - INFO - Inserting vocabulary ref ABMS in database.
2020-09-30 11:13:33,665 - INFO - Inserting vocabulary ref APC in database.
2020-09-30 11:13:33,668 - INFO - Inserting vocabulary ref ATC in database.
2020-09-30 11:13:33,671 - INFO - Inserting vocabulary ref CPT4 in database.
2020-09-30 11:13:33,676 - INFO - Inserting vocabulary ref CVX in database.
2020-09-30 11:13:33,679 - INFO - Inserting vocabulary ref MS-DRG in database.
2020-09-30 11:13:33,684 - INFO - Inserting vocabulary ref HCPCS in database.
2020-09-30 11:13:33,689 - INFO - Inserting vocabulary ref ICD10CM in database.
2020-09-30 11:13:33,691 - INFO - Inserting vocabulary ref ICD10PCS in database.
2020-09-30 11:13:33,693 - INFO - Inserting vocabulary ref ICD9CM in database.
2020-09-30 11:13:33,697 - INFO - Inserting vocabulary ref ICD9Proc in database.
2020-09-30 11:13:33,697 - INFO - Completed processing of file
2020-09-30 11:41:56,565 - INFO - Connecting to database...
2020-09-30 11:41:56,586 - INFO - The connection to the database was succesfull
2020-09-30 11:41:56,587 - INFO - Getting all current vocabularies from database
2020-09-30 11:41:56,589 - INFO - processing file ./received_files/vocabulary/vocabulary_1hAmILJWUsMULDDj2g65BbTMPL_IEUev6_20200930114155.csv
2020-09-30 11:41:56,590 - INFO - Vocabulary ref ABMS already exists in database.
2020-09-30 11:41:56,590 - INFO - Vocabulary ref APC already exists in database.
2020-09-30 11:41:56,590 - INFO - Vocabulary ref ATC already exists in database.
2020-09-30 11:41:56,590 - INFO - Vocabulary ref CPT4 already exists in database.
2020-09-30 11:41:56,590 - INFO - Vocabulary ref CVX already exists in database.
2020-09-30 11:41:56,591 - INFO - Vocabulary ref MS-DRG already exists in database.
2020-09-30 11:41:56,591 - INFO - Vocabulary ref HCPCS already exists in database.
2020-09-30 11:41:56,591 - INFO - Vocabulary ref ICD10CM already exists in database.
2020-09-30 11:41:56,591 - INFO - Vocabulary ref ICD10PCS already exists in database.
2020-09-30 11:41:56,591 - INFO - Vocabulary ref ICD9CM already exists in database.
2020-09-30 11:41:56,592 - INFO - Vocabulary ref ICD9Proc already exists in database.
2020-09-30 11:41:56,592 - INFO - Completed processing of file
2020-09-30 13:14:20,523 - INFO - Connecting to database...
2020-09-30 13:14:20,586 - INFO - The connection to the database was succesfull
2020-09-30 13:14:20,586 - INFO - Getting all current vocabularies from database
2020-09-30 13:14:20,592 - INFO - processing file ./received_files/vocabulary/vocabulary_1hAmILJWUsMULDDj2g65BbTMPL_IEUev6_20200930131358.csv
2020-09-30 13:14:20,605 - INFO - Vocabulary ref ABMS already exists in database.
2020-09-30 13:14:20,605 - INFO - Vocabulary ref APC already exists in database.
2020-09-30 13:14:20,605 - INFO - Vocabulary ref ATC already exists in database.
2020-09-30 13:14:20,605 - INFO - Vocabulary ref CPT4 already exists in database.
2020-09-30 13:14:20,605 - INFO - Vocabulary ref CVX already exists in database.
2020-09-30 13:14:20,605 - INFO - Vocabulary ref MS-DRG already exists in database.
2020-09-30 13:14:20,605 - INFO - Vocabulary ref HCPCS already exists in database.
2020-09-30 13:14:20,605 - INFO - Vocabulary ref ICD10CM already exists in database.
2020-09-30 13:14:20,605 - INFO - Vocabulary ref ICD10PCS already exists in database.
2020-09-30 13:14:20,605 - INFO - Vocabulary ref ICD9CM already exists in database.
2020-09-30 13:14:20,605 - INFO - Vocabulary ref ICD9Proc already exists in database.
2020-09-30 13:14:20,606 - INFO - Completed processing of file
2020-09-30 13:14:42,345 - INFO - Connecting to database...
2020-09-30 13:14:42,398 - INFO - The connection to the database was succesfull
2020-09-30 13:14:42,399 - INFO - Getting all current vocabularies from database
2020-09-30 13:14:42,402 - INFO - processing file ./received_files/vocabulary/vocabulary_1hAmILJWUsMULDDj2g65BbTMPL_IEUev6_20200930131420.csv
2020-09-30 13:14:42,404 - INFO - Vocabulary ref ABMS already exists in database.
2020-09-30 13:14:42,404 - INFO - Vocabulary ref APC already exists in database.
2020-09-30 13:14:42,404 - INFO - Vocabulary ref ATC already exists in database.
2020-09-30 13:14:42,405 - INFO - Vocabulary ref CPT4 already exists in database.
2020-09-30 13:14:42,405 - INFO - Vocabulary ref CVX already exists in database.
2020-09-30 13:14:42,405 - INFO - Vocabulary ref MS-DRG already exists in database.
2020-09-30 13:14:42,405 - INFO - Vocabulary ref HCPCS already exists in database.
2020-09-30 13:14:42,405 - INFO - Vocabulary ref ICD10CM already exists in database.
2020-09-30 13:14:42,405 - INFO - Vocabulary ref ICD10PCS already exists in database.
2020-09-30 13:14:42,406 - INFO - Vocabulary ref ICD9CM already exists in database.
2020-09-30 13:14:42,406 - INFO - Vocabulary ref ICD9Proc already exists in database.
2020-09-30 13:14:42,406 - INFO - Completed processing of file
2020-09-30 13:16:27,471 - INFO - Connecting to database...
2020-09-30 13:16:27,525 - INFO - The connection to the database was succesfull
2020-09-30 13:16:27,525 - INFO - Getting all current vocabularies from database
2020-09-30 13:16:27,528 - INFO - processing file ./received_files/vocabulary/vocabulary_1hAmILJWUsMULDDj2g65BbTMPL_IEUev6_20200930131605.csv
2020-09-30 13:16:27,529 - INFO - Vocabulary ref ABMS already exists in database.
2020-09-30 13:16:27,529 - INFO - Vocabulary ref APC already exists in database.
2020-09-30 13:16:27,530 - INFO - Vocabulary ref ATC already exists in database.
2020-09-30 13:16:27,530 - INFO - Vocabulary ref CPT4 already exists in database.
2020-09-30 13:16:27,530 - INFO - Vocabulary ref CVX already exists in database.
2020-09-30 13:16:27,530 - INFO - Vocabulary ref MS-DRG already exists in database.
2020-09-30 13:16:27,530 - INFO - Vocabulary ref HCPCS already exists in database.
2020-09-30 13:16:27,530 - INFO - Vocabulary ref ICD10CM already exists in database.
2020-09-30 13:16:27,530 - INFO - Vocabulary ref ICD10PCS already exists in database.
2020-09-30 13:16:27,530 - INFO - Vocabulary ref ICD9CM already exists in database.
2020-09-30 13:16:27,530 - INFO - Vocabulary ref ICD9Proc already exists in database.
2020-09-30 13:16:27,530 - INFO - Completed processing of file
2020-09-30 13:16:34,146 - INFO - Connecting to database...
2020-09-30 13:16:34,207 - INFO - The connection to the database was succesfull
2020-09-30 13:16:34,207 - INFO - Getting all current vocabularies from database
2020-09-30 13:16:34,210 - INFO - processing file ./received_files/vocabulary/vocabulary_1hAmILJWUsMULDDj2g65BbTMPL_IEUev6_20200930131612.csv
2020-09-30 13:16:34,211 - INFO - Vocabulary ref ABMS already exists in database.
2020-09-30 13:16:34,212 - INFO - Vocabulary ref APC already exists in database.
2020-09-30 13:16:34,212 - INFO - Vocabulary ref ATC already exists in database.
2020-09-30 13:16:34,212 - INFO - Vocabulary ref CPT4 already exists in database.
2020-09-30 13:16:34,212 - INFO - Vocabulary ref CVX already exists in database.
2020-09-30 13:16:34,212 - INFO - Vocabulary ref MS-DRG already exists in database.
2020-09-30 13:16:34,212 - INFO - Vocabulary ref HCPCS already exists in database.
2020-09-30 13:16:34,212 - INFO - Vocabulary ref ICD10CM already exists in database.
2020-09-30 13:16:34,212 - INFO - Vocabulary ref ICD10PCS already exists in database.
2020-09-30 13:16:34,212 - INFO - Vocabulary ref ICD9CM already exists in database.
2020-09-30 13:16:34,212 - INFO - Vocabulary ref ICD9Proc already exists in database.
2020-09-30 13:16:34,212 - INFO - Completed processing of file
2020-09-30 13:16:49,280 - INFO - Connecting to database...
2020-09-30 13:16:49,340 - INFO - The connection to the database was succesfull
2020-09-30 13:16:49,340 - INFO - Getting all current vocabularies from database
2020-09-30 13:16:49,343 - INFO - processing file ./received_files/vocabulary/vocabulary_1hAmILJWUsMULDDj2g65BbTMPL_IEUev6_20200930131627.csv
2020-09-30 13:16:49,344 - INFO - Vocabulary ref ABMS already exists in database.
2020-09-30 13:16:49,344 - INFO - Vocabulary ref APC already exists in database.
2020-09-30 13:16:49,344 - INFO - Vocabulary ref ATC already exists in database.
2020-09-30 13:16:49,344 - INFO - Vocabulary ref CPT4 already exists in database.
2020-09-30 13:16:49,345 - INFO - Vocabulary ref CVX already exists in database.
2020-09-30 13:16:49,345 - INFO - Vocabulary ref MS-DRG already exists in database.
2020-09-30 13:16:49,345 - INFO - Vocabulary ref HCPCS already exists in database.
2020-09-30 13:16:49,345 - INFO - Vocabulary ref ICD10CM already exists in database.
2020-09-30 13:16:49,345 - INFO - Vocabulary ref ICD10PCS already exists in database.
2020-09-30 13:16:49,345 - INFO - Vocabulary ref ICD9CM already exists in database.
2020-09-30 13:16:49,345 - INFO - Vocabulary ref ICD9Proc already exists in database.
2020-09-30 13:16:49,345 - INFO - Completed processing of file
2020-09-30 13:16:56,024 - INFO - Connecting to database...
2020-09-30 13:16:56,077 - INFO - The connection to the database was succesfull
2020-09-30 13:16:56,077 - INFO - Getting all current vocabularies from database
2020-09-30 13:16:56,079 - INFO - processing file ./received_files/vocabulary/vocabulary_1hAmILJWUsMULDDj2g65BbTMPL_IEUev6_20200930131634.csv
2020-09-30 13:16:56,081 - INFO - Vocabulary ref ABMS already exists in database.
2020-09-30 13:16:56,081 - INFO - Vocabulary ref APC already exists in database.
2020-09-30 13:16:56,082 - INFO - Vocabulary ref ATC already exists in database.
2020-09-30 13:16:56,082 - INFO - Vocabulary ref CPT4 already exists in database.
2020-09-30 13:16:56,082 - INFO - Vocabulary ref CVX already exists in database.
2020-09-30 13:16:56,082 - INFO - Vocabulary ref MS-DRG already exists in database.
2020-09-30 13:16:56,082 - INFO - Vocabulary ref HCPCS already exists in database.
2020-09-30 13:16:56,082 - INFO - Vocabulary ref ICD10CM already exists in database.
2020-09-30 13:16:56,082 - INFO - Vocabulary ref ICD10PCS already exists in database.
2020-09-30 13:16:56,082 - INFO - Vocabulary ref ICD9CM already exists in database.
2020-09-30 13:16:56,082 - INFO - Vocabulary ref ICD9Proc already exists in database.
2020-09-30 13:16:56,083 - INFO - Completed processing of file
2020-09-30 13:20:49,792 - INFO - Connecting to database...
2020-09-30 13:20:49,844 - INFO - The connection to the database was succesfull
2020-09-30 13:20:49,844 - INFO - Getting all current vocabularies from database
2020-09-30 13:20:49,846 - INFO - processing file ./received_files/vocabulary/vocabulary_1hAmILJWUsMULDDj2g65BbTMPL_IEUev6_20200930132027.csv
2020-09-30 13:20:49,847 - INFO - Vocabulary ref ABMS already exists in database.
2020-09-30 13:20:49,848 - INFO - Vocabulary ref APC already exists in database.
2020-09-30 13:20:49,848 - INFO - Vocabulary ref ATC already exists in database.
2020-09-30 13:20:49,848 - INFO - Vocabulary ref CPT4 already exists in database.
2020-09-30 13:20:49,848 - INFO - Vocabulary ref CVX already exists in database.
2020-09-30 13:20:49,848 - INFO - Vocabulary ref MS-DRG already exists in database.
2020-09-30 13:20:49,848 - INFO - Vocabulary ref HCPCS already exists in database.
2020-09-30 13:20:49,848 - INFO - Vocabulary ref ICD10CM already exists in database.
2020-09-30 13:20:49,848 - INFO - Vocabulary ref ICD10PCS already exists in database.
2020-09-30 13:20:49,848 - INFO - Vocabulary ref ICD9CM already exists in database.
2020-09-30 13:20:49,848 - INFO - Vocabulary ref ICD9Proc already exists in database.
2020-09-30 13:20:49,848 - INFO - Completed processing of file
2020-10-02 09:37:45,411 - INFO - Connecting to database...
2020-10-02 09:37:45,475 - INFO - The connection to the database was succesfull
2020-10-02 09:37:45,476 - INFO - Getting all current vocabularies from database
2020-10-02 09:37:45,480 - INFO - processing file ./received_files/vocabulary/vocabulary_1hAmILJWUsMULDDj2g65BbTMPL_IEUev6_20201002093723.csv
2020-10-02 09:37:45,488 - INFO - Vocabulary ref ABMS already exists in database.
2020-10-02 09:37:45,488 - INFO - Vocabulary ref APC already exists in database.
2020-10-02 09:37:45,488 - INFO - Vocabulary ref ATC already exists in database.
2020-10-02 09:37:45,488 - INFO - Vocabulary ref CPT4 already exists in database.
2020-10-02 09:37:45,489 - INFO - Vocabulary ref CVX already exists in database.
2020-10-02 09:37:45,489 - INFO - Vocabulary ref MS-DRG already exists in database.
2020-10-02 09:37:45,489 - INFO - Vocabulary ref HCPCS already exists in database.
2020-10-02 09:37:45,489 - INFO - Vocabulary ref ICD10CM already exists in database.
2020-10-02 09:37:45,489 - INFO - Vocabulary ref ICD10PCS already exists in database.
2020-10-02 09:37:45,489 - INFO - Vocabulary ref ICD9CM already exists in database.
2020-10-02 09:37:45,489 - INFO - Vocabulary ref ICD9Proc already exists in database.
2020-10-02 09:37:45,490 - INFO - Completed processing of file
2020-10-02 09:39:06,230 - INFO - Connecting to database...
2020-10-02 09:39:06,282 - INFO - The connection to the database was succesfull
2020-10-02 09:39:06,282 - INFO - Getting all current vocabularies from database
2020-10-02 09:39:06,284 - INFO - processing file ./received_files/vocabulary/vocabulary_1hAmILJWUsMULDDj2g65BbTMPL_IEUev6_20201002093844.csv
2020-10-02 09:39:06,288 - INFO - Inserting vocabulary ref ABMS in database.
2020-10-02 09:39:06,292 - INFO - Inserting vocabulary ref APC in database.
2020-10-02 09:39:06,295 - INFO - Inserting vocabulary ref ATC in database.
2020-10-02 09:39:06,299 - INFO - Inserting vocabulary ref CPT4 in database.
2020-10-02 09:39:06,301 - INFO - Inserting vocabulary ref CVX in database.
2020-10-02 09:39:06,304 - INFO - Inserting vocabulary ref MS-DRG in database.
2020-10-02 09:39:06,307 - INFO - Inserting vocabulary ref HCPCS in database.
2020-10-02 09:39:06,310 - INFO - Inserting vocabulary ref ICD10CM in database.
2020-10-02 09:39:06,313 - INFO - Inserting vocabulary ref ICD10PCS in database.
2020-10-02 09:39:06,316 - INFO - Inserting vocabulary ref ICD9CM in database.
2020-10-02 09:39:06,326 - INFO - Inserting vocabulary ref ICD9Proc in database.
2020-10-02 09:39:06,326 - INFO - Completed processing of file
2020-10-02 09:40:47,792 - INFO - Connecting to database...
2020-10-02 09:40:47,852 - INFO - The connection to the database was succesfull
2020-10-02 09:40:47,853 - INFO - Getting all current vocabularies from database
2020-10-02 09:40:47,855 - INFO - processing file ./received_files/vocabulary/vocabulary_1hAmILJWUsMULDDj2g65BbTMPL_IEUev6_20201002094025.csv
2020-10-02 09:40:47,873 - INFO - Inserting vocabulary ref ABMS in database.
2020-10-02 09:40:47,877 - INFO - Inserting vocabulary ref APC in database.
2020-10-02 09:40:47,881 - INFO - Inserting vocabulary ref ATC in database.
2020-10-02 09:40:47,883 - INFO - Inserting vocabulary ref CPT4 in database.
2020-10-02 09:40:47,885 - INFO - Inserting vocabulary ref CVX in database.
2020-10-02 09:40:47,891 - INFO - Inserting vocabulary ref MS-DRG in database.
2020-10-02 09:40:47,895 - INFO - Inserting vocabulary ref HCPCS in database.
2020-10-02 09:40:47,898 - INFO - Inserting vocabulary ref ICD10CM in database.
2020-10-02 09:40:47,907 - INFO - Inserting vocabulary ref ICD10PCS in database.
2020-10-02 09:40:47,916 - INFO - Inserting vocabulary ref ICD9CM in database.
2020-10-02 09:40:47,919 - INFO - Inserting vocabulary ref ICD9Proc in database.
2020-10-02 09:40:47,919 - INFO - Completed processing of file
2020-10-02 09:45:25,074 - INFO - Connecting to database...
2020-10-02 09:45:25,127 - INFO - The connection to the database was succesfull
2020-10-02 09:45:25,128 - INFO - Getting all current vocabularies from database
2020-10-02 09:45:25,131 - INFO - processing file ./received_files/vocabulary/vocabulary_1hAmILJWUsMULDDj2g65BbTMPL_IEUev6_20201002094503.csv
2020-10-02 09:45:25,132 - INFO - Vocabulary ref ABMS already exists in database.
2020-10-02 09:45:25,133 - INFO - Vocabulary ref APC already exists in database.
2020-10-02 09:45:25,133 - INFO - Vocabulary ref ATC already exists in database.
2020-10-02 09:45:25,133 - INFO - Vocabulary ref CPT4 already exists in database.
2020-10-02 09:45:25,133 - INFO - Vocabulary ref CVX already exists in database.
2020-10-02 09:45:25,133 - INFO - Vocabulary ref MS-DRG already exists in database.
2020-10-02 09:45:25,133 - INFO - Vocabulary ref HCPCS already exists in database.
2020-10-02 09:45:25,133 - INFO - Vocabulary ref ICD10CM already exists in database.
2020-10-02 09:45:25,134 - INFO - Vocabulary ref ICD10PCS already exists in database.
2020-10-02 09:45:25,134 - INFO - Vocabulary ref ICD9CM already exists in database.
2020-10-02 09:45:25,134 - INFO - Vocabulary ref ICD9Proc already exists in database.
2020-10-02 09:45:25,134 - INFO - Completed processing of file
2020-10-02 09:45:54,709 - INFO - Connecting to database...
2020-10-02 09:45:54,763 - INFO - The connection to the database was succesfull
2020-10-02 09:45:54,763 - INFO - Getting all current vocabularies from database
2020-10-02 09:45:54,765 - INFO - processing file ./received_files/vocabulary/vocabulary_1hAmILJWUsMULDDj2g65BbTMPL_IEUev6_20201002094532.csv
2020-10-02 09:45:54,767 - INFO - Vocabulary ref ABMS already exists in database.
2020-10-02 09:45:54,767 - INFO - Vocabulary ref APC already exists in database.
2020-10-02 09:45:54,767 - INFO - Vocabulary ref ATC already exists in database.
2020-10-02 09:45:54,767 - INFO - Vocabulary ref CPT4 already exists in database.
2020-10-02 09:45:54,767 - INFO - Vocabulary ref CVX already exists in database.
2020-10-02 09:45:54,768 - INFO - Vocabulary ref MS-DRG already exists in database.
2020-10-02 09:45:54,768 - INFO - Vocabulary ref HCPCS already exists in database.
2020-10-02 09:45:54,768 - INFO - Vocabulary ref ICD10CM already exists in database.
2020-10-02 09:45:54,768 - INFO - Vocabulary ref ICD10PCS already exists in database.
2020-10-02 09:45:54,768 - INFO - Vocabulary ref ICD9CM already exists in database.
2020-10-02 09:45:54,768 - INFO - Vocabulary ref ICD9Proc already exists in database.
2020-10-02 09:45:54,768 - INFO - Completed processing of file
2020-10-02 09:49:48,927 - INFO - Connecting to database...
2020-10-02 09:49:49,002 - INFO - The connection to the database was succesfull
2020-10-02 09:49:49,002 - INFO - Getting all current vocabularies from database
2020-10-02 09:49:49,004 - INFO - processing file ./received_files/vocabulary/vocabulary_1hAmILJWUsMULDDj2g65BbTMPL_IEUev6_20201002094927.csv
2020-10-02 09:49:49,009 - INFO - Inserting vocabulary ref ABMS in database.
2020-10-02 09:49:49,012 - INFO - Inserting vocabulary ref APC in database.
2020-10-02 09:49:49,013 - INFO - Inserting vocabulary ref ATC in database.
2020-10-02 09:49:49,016 - INFO - Inserting vocabulary ref CPT4 in database.
2020-10-02 09:49:49,018 - INFO - Inserting vocabulary ref CVX in database.
2020-10-02 09:49:49,020 - INFO - Inserting vocabulary ref MS-DRG in database.
2020-10-02 09:49:49,022 - INFO - Inserting vocabulary ref HCPCS in database.
2020-10-02 09:49:49,023 - INFO - Inserting vocabulary ref ICD10CM in database.
2020-10-02 09:49:49,025 - INFO - Inserting vocabulary ref ICD10PCS in database.
2020-10-02 09:49:49,027 - INFO - Inserting vocabulary ref ICD9CM in database.
2020-10-02 09:49:49,029 - INFO - Inserting vocabulary ref ICD9Proc in database.
2020-10-02 09:49:49,029 - INFO - Completed processing of file
2020-10-02 09:57:32,153 - INFO - Connecting to database...
2020-10-02 09:57:32,212 - INFO - The connection to the database was succesfull
2020-10-02 09:57:32,212 - INFO - Getting all current vocabularies from database
2020-10-02 09:57:32,215 - INFO - processing file ./received_files/vocabulary/vocabulary_1hAmILJWUsMULDDj2g65BbTMPL_IEUev6_20201002095710.csv
2020-10-02 09:57:32,220 - INFO - Inserting vocabulary ref ABMS in database.
2020-10-02 09:57:32,224 - INFO - Inserting vocabulary ref APC in database.
2020-10-02 09:57:32,227 - INFO - Inserting vocabulary ref ATC in database.
2020-10-02 09:57:32,230 - INFO - Inserting vocabulary ref CPT4 in database.
2020-10-02 09:57:32,234 - INFO - Inserting vocabulary ref CVX in database.
2020-10-02 09:57:32,238 - INFO - Inserting vocabulary ref MS-DRG in database.
2020-10-02 09:57:32,241 - INFO - Inserting vocabulary ref HCPCS in database.
2020-10-02 09:57:32,245 - INFO - Inserting vocabulary ref ICD10CM in database.
2020-10-02 09:57:32,247 - INFO - Inserting vocabulary ref ICD10PCS in database.
2020-10-02 09:57:32,250 - INFO - Inserting vocabulary ref ICD9CM in database.
2020-10-02 09:57:32,259 - INFO - Inserting vocabulary ref ICD9Proc in database.
2020-10-02 09:57:32,259 - INFO - Completed processing of file
2020-10-02 10:10:45,889 - INFO - Connecting to database...
2020-10-02 10:10:45,946 - INFO - The connection to the database was succesfull
2020-10-02 10:10:45,946 - INFO - Getting all current vocabularies from database
2020-10-02 10:10:45,949 - INFO - processing file ./received_files/vocabulary/vocabulary_1hAmILJWUsMULDDj2g65BbTMPL_IEUev6_20201002101023.csv
2020-10-02 10:10:45,950 - INFO - Vocabulary ref ABMS already exists in database.
2020-10-02 10:10:45,950 - INFO - Vocabulary ref APC already exists in database.
2020-10-02 10:10:45,951 - INFO - Vocabulary ref ATC already exists in database.
2020-10-02 10:10:45,951 - INFO - Vocabulary ref CPT4 already exists in database.
2020-10-02 10:10:45,951 - INFO - Vocabulary ref CVX already exists in database.
2020-10-02 10:10:45,951 - INFO - Vocabulary ref MS-DRG already exists in database.
2020-10-02 10:10:45,951 - INFO - Vocabulary ref HCPCS already exists in database.
2020-10-02 10:10:45,951 - INFO - Vocabulary ref ICD10CM already exists in database.
2020-10-02 10:10:45,951 - INFO - Vocabulary ref ICD10PCS already exists in database.
2020-10-02 10:10:45,951 - INFO - Vocabulary ref ICD9CM already exists in database.
2020-10-02 10:10:45,951 - INFO - Vocabulary ref ICD9Proc already exists in database.
2020-10-02 10:10:45,952 - INFO - Completed processing of file
2020-10-02 10:12:03,255 - INFO - Connecting to database...
2020-10-02 10:12:03,310 - INFO - The connection to the database was succesfull
2020-10-02 10:12:03,311 - INFO - Getting all current vocabularies from database
2020-10-02 10:12:03,317 - INFO - processing file ./received_files/vocabulary/vocabulary_1hAmILJWUsMULDDj2g65BbTMPL_IEUev6_20201002101141.csv
2020-10-02 10:12:03,322 - INFO - Inserting vocabulary ref ABMS in database.
2020-10-02 10:12:03,326 - INFO - Inserting vocabulary ref APC in database.
2020-10-02 10:12:03,329 - INFO - Inserting vocabulary ref ATC in database.
2020-10-02 10:12:03,332 - INFO - Inserting vocabulary ref CPT4 in database.
2020-10-02 10:12:03,335 - INFO - Inserting vocabulary ref CVX in database.
2020-10-02 10:12:03,338 - INFO - Inserting vocabulary ref MS-DRG in database.
2020-10-02 10:12:03,342 - INFO - Inserting vocabulary ref HCPCS in database.
2020-10-02 10:12:03,345 - INFO - Inserting vocabulary ref ICD10CM in database.
2020-10-02 10:12:03,349 - INFO - Inserting vocabulary ref ICD10PCS in database.
2020-10-02 10:12:03,358 - INFO - Inserting vocabulary ref ICD9CM in database.
2020-10-02 10:12:03,361 - INFO - Inserting vocabulary ref ICD9Proc in database.
2020-10-02 10:12:03,361 - INFO - Completed processing of file
2020-10-02 10:17:22,770 - INFO - Connecting to database...
2020-10-02 10:17:22,828 - INFO - The connection to the database was succesfull
2020-10-02 10:17:22,828 - INFO - Getting all current vocabularies from database
2020-10-02 10:20:29,070 - INFO - Connecting to database...
2020-10-02 10:20:29,128 - INFO - The connection to the database was succesfull
2020-10-02 10:20:29,128 - INFO - Getting all current vocabularies from database
2020-10-02 10:20:29,130 - INFO - processing file ./received_files/vocabulary/vocabulary_1hAmILJWUsMULDDj2g65BbTMPL_IEUev6_20201002102007.csv
2020-10-02 10:20:29,136 - INFO - Inserting vocabulary ref ABMS in database.
2020-10-02 10:20:29,139 - INFO - Inserting vocabulary ref APC in database.
2020-10-02 10:20:29,143 - INFO - Inserting vocabulary ref ATC in database.
2020-10-02 10:20:29,146 - INFO - Inserting vocabulary ref CPT4 in database.
2020-10-02 10:20:29,149 - INFO - Inserting vocabulary ref CVX in database.
2020-10-02 10:20:29,152 - INFO - Inserting vocabulary ref MS-DRG in database.
2020-10-02 10:20:29,155 - INFO - Inserting vocabulary ref HCPCS in database.
2020-10-02 10:20:29,158 - INFO - Inserting vocabulary ref ICD10CM in database.
2020-10-02 10:20:29,162 - INFO - Inserting vocabulary ref ICD10PCS in database.
2020-10-02 10:20:29,170 - INFO - Inserting vocabulary ref ICD9CM in database.
2020-10-02 10:20:29,173 - INFO - Inserting vocabulary ref ICD9Proc in database.
2020-10-02 10:20:29,173 - INFO - Completed processing of file
2020-10-02 11:37:14,401 - INFO - Connecting to database...
2020-10-02 11:37:14,468 - INFO - The connection to the database was succesfull
2020-10-02 11:37:14,468 - INFO - Getting all current vocabularies from database
2020-10-02 11:37:14,470 - INFO - processing file ./received_files/vocabulary/vocabulary_1hAmILJWUsMULDDj2g65BbTMPL_IEUev6_20201002113652.csv
2020-10-02 11:37:14,484 - INFO - Inserting vocabulary ref ABMS in database.
2020-10-02 11:37:14,487 - INFO - Inserting vocabulary ref APC in database.
2020-10-02 11:37:14,491 - INFO - Inserting vocabulary ref ATC in database.
2020-10-02 11:37:14,494 - INFO - Inserting vocabulary ref CPT4 in database.
2020-10-02 11:37:14,498 - INFO - Inserting vocabulary ref CVX in database.
2020-10-02 11:37:14,500 - INFO - Inserting vocabulary ref MS-DRG in database.
2020-10-02 11:37:14,502 - INFO - Inserting vocabulary ref HCPCS in database.
2020-10-02 11:37:14,504 - INFO - Inserting vocabulary ref ICD10CM in database.
2020-10-02 11:37:14,507 - INFO - Inserting vocabulary ref ICD10PCS in database.
2020-10-02 11:37:14,516 - INFO - Inserting vocabulary ref ICD9CM in database.
2020-10-02 11:37:14,519 - INFO - Inserting vocabulary ref ICD9Proc in database.
2020-10-02 11:37:14,519 - INFO - Completed processing of file
2020-10-02 12:20:18,965 - INFO - Connecting to database...
2020-10-02 12:20:19,035 - INFO - The connection to the database was succesfull
2020-10-02 12:20:19,035 - INFO - Getting all current vocabularies from database
2020-10-02 12:20:19,037 - INFO - processing file ./received_files/vocabulary/vocabulary_1hAmILJWUsMULDDj2g65BbTMPL_IEUev6_20201002121956.csv
2020-10-02 12:20:19,042 - INFO - Inserting vocabulary ref ABMS in database.
2020-10-02 12:20:19,047 - INFO - Inserting vocabulary ref APC in database.
2020-10-02 12:20:19,049 - INFO - Inserting vocabulary ref ATC in database.
2020-10-02 12:20:19,053 - INFO - Inserting vocabulary ref CPT4 in database.
2020-10-02 12:20:19,057 - INFO - Inserting vocabulary ref CVX in database.
2020-10-02 12:20:19,061 - INFO - Inserting vocabulary ref MS-DRG in database.
2020-10-02 12:20:19,064 - INFO - Inserting vocabulary ref HCPCS in database.
2020-10-02 12:20:19,069 - INFO - Inserting vocabulary ref ICD10CM in database.
2020-10-02 12:20:19,079 - INFO - Inserting vocabulary ref ICD10PCS in database.
2020-10-02 12:20:19,082 - INFO - Inserting vocabulary ref ICD9CM in database.
2020-10-02 12:20:19,085 - INFO - Inserting vocabulary ref ICD9Proc in database.
2020-10-02 12:20:19,085 - INFO - Completed processing of file
2020-10-02 12:36:02,135 - INFO - Connecting to database...
2020-10-02 12:36:02,197 - INFO - The connection to the database was succesfull
2020-10-02 12:36:02,198 - INFO - Getting all current vocabularies from database
2020-10-02 12:36:02,200 - INFO - processing file ./received_files/vocabulary/vocabulary_1hAmILJWUsMULDDj2g65BbTMPL_IEUev6_20201002123540.csv
2020-10-02 12:36:02,205 - INFO - Inserting vocabulary ref ABMS in database.
2020-10-02 12:36:02,209 - INFO - Inserting vocabulary ref APC in database.
2020-10-02 12:36:02,213 - INFO - Inserting vocabulary ref ATC in database.
2020-10-02 12:36:02,216 - INFO - Inserting vocabulary ref CPT4 in database.
2020-10-02 12:36:02,219 - INFO - Inserting vocabulary ref CVX in database.
2020-10-02 12:36:02,222 - INFO - Inserting vocabulary ref MS-DRG in database.
2020-10-02 12:36:02,224 - INFO - Inserting vocabulary ref HCPCS in database.
2020-10-02 12:36:02,228 - INFO - Inserting vocabulary ref ICD10CM in database.
2020-10-02 12:36:02,231 - INFO - Inserting vocabulary ref ICD10PCS in database.
2020-10-02 12:36:02,235 - INFO - Inserting vocabulary ref ICD9CM in database.
2020-10-02 12:36:02,243 - INFO - Inserting vocabulary ref ICD9Proc in database.
2020-10-02 12:36:02,243 - INFO - Completed processing of file
2020-10-02 15:29:34,046 - INFO - Connecting to database...
2020-10-02 15:29:34,098 - INFO - The connection to the database was succesfull
2020-10-02 15:29:34,098 - INFO - Getting all current vocabularies from database
2020-10-02 15:29:34,102 - INFO - processing file ./received_files/vocabulary/vocabulary_1hAmILJWUsMULDDj2g65BbTMPL_IEUev6_20201002152912.csv
2020-10-02 15:29:34,104 - INFO - Vocabulary ref ABMS already exists in database.
2020-10-02 15:29:34,104 - INFO - Vocabulary ref APC already exists in database.
2020-10-02 15:29:34,104 - INFO - Vocabulary ref ATC already exists in database.
2020-10-02 15:29:34,104 - INFO - Vocabulary ref CPT4 already exists in database.
2020-10-02 15:29:34,104 - INFO - Vocabulary ref CVX already exists in database.
2020-10-02 15:29:34,104 - INFO - Vocabulary ref MS-DRG already exists in database.
2020-10-02 15:29:34,104 - INFO - Vocabulary ref HCPCS already exists in database.
2020-10-02 15:29:34,104 - INFO - Vocabulary ref ICD10CM already exists in database.
2020-10-02 15:29:34,105 - INFO - Vocabulary ref ICD10PCS already exists in database.
2020-10-02 15:29:34,105 - INFO - Vocabulary ref ICD9CM already exists in database.
2020-10-02 15:29:34,105 - INFO - Vocabulary ref ICD9Proc already exists in database.
2020-10-02 15:29:34,105 - INFO - Completed processing of file
2020-10-02 15:30:59,339 - INFO - Connecting to database...
2020-10-02 15:30:59,398 - INFO - The connection to the database was succesfull
2020-10-02 15:30:59,398 - INFO - Getting all current vocabularies from database
2020-10-02 15:30:59,401 - INFO - processing file ./received_files/vocabulary/vocabulary_1hAmILJWUsMULDDj2g65BbTMPL_IEUev6_20201002153036.csv
2020-10-02 15:30:59,403 - INFO - Vocabulary ref ABMS already exists in database.
2020-10-02 15:30:59,403 - INFO - Vocabulary ref APC already exists in database.
2020-10-02 15:30:59,403 - INFO - Vocabulary ref ATC already exists in database.
2020-10-02 15:30:59,403 - INFO - Vocabulary ref CPT4 already exists in database.
2020-10-02 15:30:59,404 - INFO - Vocabulary ref CVX already exists in database.
2020-10-02 15:30:59,404 - INFO - Vocabulary ref MS-DRG already exists in database.
2020-10-02 15:30:59,404 - INFO - Vocabulary ref HCPCS already exists in database.
2020-10-02 15:30:59,404 - INFO - Vocabulary ref ICD10CM already exists in database.
2020-10-02 15:30:59,404 - INFO - Vocabulary ref ICD10PCS already exists in database.
2020-10-02 15:30:59,404 - INFO - Vocabulary ref ICD9CM already exists in database.
2020-10-02 15:30:59,405 - INFO - Vocabulary ref ICD9Proc already exists in database.
2020-10-02 15:30:59,405 - INFO - Completed processing of file
2020-10-02 15:31:15,184 - INFO - Connecting to database...
2020-10-02 15:31:15,240 - INFO - The connection to the database was succesfull
2020-10-02 15:31:15,240 - INFO - Getting all current vocabularies from database
2020-10-02 15:31:15,243 - INFO - processing file ./received_files/vocabulary/vocabulary_1hAmILJWUsMULDDj2g65BbTMPL_IEUev6_20201002153053.csv
2020-10-02 15:31:15,245 - INFO - Vocabulary ref ABMS already exists in database.
2020-10-02 15:31:15,245 - INFO - Vocabulary ref APC already exists in database.
2020-10-02 15:31:15,245 - INFO - Vocabulary ref ATC already exists in database.
2020-10-02 15:31:15,245 - INFO - Vocabulary ref CPT4 already exists in database.
2020-10-02 15:31:15,245 - INFO - Vocabulary ref CVX already exists in database.
2020-10-02 15:31:15,245 - INFO - Vocabulary ref MS-DRG already exists in database.
2020-10-02 15:31:15,245 - INFO - Vocabulary ref HCPCS already exists in database.
2020-10-02 15:31:15,245 - INFO - Vocabulary ref ICD10CM already exists in database.
2020-10-02 15:31:15,245 - INFO - Vocabulary ref ICD10PCS already exists in database.
2020-10-02 15:31:15,245 - INFO - Vocabulary ref ICD9CM already exists in database.
2020-10-02 15:31:15,245 - INFO - Vocabulary ref ICD9Proc already exists in database.
2020-10-02 15:31:15,246 - INFO - Completed processing of file
2020-10-02 16:37:13,285 - INFO - Connecting to database...
2020-10-02 16:37:13,342 - INFO - The connection to the database was succesfull
2020-10-02 16:37:13,342 - INFO - Getting all current vocabularies from database
2020-10-02 16:37:13,344 - INFO - processing file ./received_files/vocabulary/vocabulary_1hAmILJWUsMULDDj2g65BbTMPL_IEUev6_20201002163650.csv
2020-10-02 16:37:13,349 - INFO - Inserting vocabulary ref ABMS in database.
2020-10-02 16:37:13,353 - INFO - Inserting vocabulary ref APC in database.
2020-10-02 16:37:13,357 - INFO - Inserting vocabulary ref ATC in database.
2020-10-02 16:37:13,360 - INFO - Inserting vocabulary ref CPT4 in database.
2020-10-02 16:37:13,364 - INFO - Inserting vocabulary ref CVX in database.
2020-10-02 16:37:13,366 - INFO - Inserting vocabulary ref MS-DRG in database.
2020-10-02 16:37:13,370 - INFO - Inserting vocabulary ref HCPCS in database.
2020-10-02 16:37:13,372 - INFO - Inserting vocabulary ref ICD10CM in database.
2020-10-02 16:37:13,374 - INFO - Inserting vocabulary ref ICD10PCS in database.
2020-10-02 16:37:13,377 - INFO - Inserting vocabulary ref ICD9CM in database.
2020-10-02 16:37:13,387 - INFO - Inserting vocabulary ref ICD9Proc in database.
2020-10-02 16:37:13,387 - INFO - Completed processing of file
2020-10-02 16:37:44,137 - INFO - Connecting to database...
2020-10-02 16:37:44,194 - INFO - The connection to the database was succesfull
2020-10-02 16:37:44,194 - INFO - Getting all current vocabularies from database
2020-10-02 16:37:44,197 - INFO - processing file ./received_files/vocabulary/vocabulary_1hAmILJWUsMULDDj2g65BbTMPL_IEUev6_20201002163722.csv
2020-10-02 16:37:44,198 - INFO - Vocabulary ref ABMS already exists in database.
2020-10-02 16:37:44,198 - INFO - Vocabulary ref APC already exists in database.
2020-10-02 16:37:44,199 - INFO - Vocabulary ref ATC already exists in database.
2020-10-02 16:37:44,199 - INFO - Vocabulary ref CPT4 already exists in database.
2020-10-02 16:37:44,199 - INFO - Vocabulary ref CVX already exists in database.
2020-10-02 16:37:44,199 - INFO - Vocabulary ref MS-DRG already exists in database.
2020-10-02 16:37:44,199 - INFO - Vocabulary ref HCPCS already exists in database.
2020-10-02 16:37:44,199 - INFO - Vocabulary ref ICD10CM already exists in database.
2020-10-02 16:37:44,199 - INFO - Vocabulary ref ICD10PCS already exists in database.
2020-10-02 16:37:44,199 - INFO - Vocabulary ref ICD9CM already exists in database.
2020-10-02 16:37:44,199 - INFO - Vocabulary ref ICD9Proc already exists in database.
2020-10-02 16:37:44,199 - INFO - Completed processing of file
2020-10-02 16:39:04,586 - INFO - Connecting to database...
2020-10-02 16:39:04,650 - INFO - The connection to the database was succesfull
2020-10-02 16:39:04,650 - INFO - Getting all current vocabularies from database
2020-10-02 16:39:04,653 - INFO - processing file ./received_files/vocabulary/vocabulary_1hAmILJWUsMULDDj2g65BbTMPL_IEUev6_20201002163842.csv
2020-10-02 16:39:04,655 - INFO - Vocabulary ref ABMS already exists in database.
2020-10-02 16:39:04,655 - INFO - Vocabulary ref APC already exists in database.
2020-10-02 16:39:04,655 - INFO - Vocabulary ref ATC already exists in database.
2020-10-02 16:39:04,655 - INFO - Vocabulary ref CPT4 already exists in database.
2020-10-02 16:39:04,656 - INFO - Vocabulary ref CVX already exists in database.
2020-10-02 16:39:04,656 - INFO - Vocabulary ref MS-DRG already exists in database.
2020-10-02 16:39:04,656 - INFO - Vocabulary ref HCPCS already exists in database.
2020-10-02 16:39:04,656 - INFO - Vocabulary ref ICD10CM already exists in database.
2020-10-02 16:39:04,656 - INFO - Vocabulary ref ICD10PCS already exists in database.
2020-10-02 16:39:04,656 - INFO - Vocabulary ref ICD9CM already exists in database.
2020-10-02 16:39:04,656 - INFO - Vocabulary ref ICD9Proc already exists in database.
2020-10-02 16:39:04,657 - INFO - Completed processing of file
